Build started 2/25/2016 7:04:43 PM.
     1>Project "C:\Users\bbagley17\Documents\GitHub\EX02\EX02\EX02\EX02\EX02.vcxproj" on node 2 (Build target(s)).
     1>ClCompile:
         C:\Program Files (x86)\Microsoft Visual Studio 14.0\VC\bin\CL.exe /c /ZI /nologo /W3 /WX- /Od /Oy- /D WIN32 /D _DEBUG /D _CONSOLE /D _UNICODE /D UNICODE /Gm /EHsc /RTC1 /MDd /GS /fp:precise /Zc:wchar_t /Zc:forScope /Zc:inline /Fo"Debug\\" /Fd"Debug\vc140.pdb" /Gd /TP /analyze- /errorReport:prompt Source.cpp
         Source.cpp
     1>c:\users\bbagley17\documents\github\ex02\ex02\ex02\ex02\source.cpp(111): error C2065: 'EvenNumber2': undeclared identifier
     1>c:\users\bbagley17\documents\github\ex02\ex02\ex02\ex02\source.cpp(111): error C2228: left of '.getValue' must have class/struct/union
         c:\users\bbagley17\documents\github\ex02\ex02\ex02\ex02\source.cpp(111): note: type is 'unknown-type'
     1>c:\users\bbagley17\documents\github\ex02\ex02\ex02\ex02\source.cpp(112): error C2065: 'EvenNumber3': undeclared identifier
     1>c:\users\bbagley17\documents\github\ex02\ex02\ex02\ex02\source.cpp(112): error C2228: left of '.getValue' must have class/struct/union
         c:\users\bbagley17\documents\github\ex02\ex02\ex02\ex02\source.cpp(112): note: type is 'unknown-type'
     1>Done Building Project "C:\Users\bbagley17\Documents\GitHub\EX02\EX02\EX02\EX02\EX02.vcxproj" (Build target(s)) -- FAILED.

Build FAILED.

Time Elapsed 00:00:00.31
